[29-Mar-2022 10:02:33 Europe/Berlin] PHP Fatal error:  Uncaught TypeError: asort(): Argument #1 ($array) must be of type array, null given in C:\xampp\htdocs\index.php:12
Stack trace:
#0 C:\xampp\htdocs\index.php(12): asort(NULL)
#1 {main}
  thrown in C:\xampp\htdocs\index.php on line 12
[29-Mar-2022 10:02:51 Europe/Berlin] PHP Fatal error:  Uncaught TypeError: asort(): Argument #1 ($array) must be of type array, null given in C:\xampp\htdocs\index.php:12
Stack trace:
#0 C:\xampp\htdocs\index.php(12): asort(NULL)
#1 {main}
  thrown in C:\xampp\htdocs\index.php on line 12
[29-Mar-2022 10:06:08 Europe/Berlin] PHP Warning:  Undefined variable $html in C:\xampp\htdocs\index.php on line 15
[29-Mar-2022 10:06:08 Europe/Berlin] PHP Fatal error:  Uncaught Error: Call to undefined function mysql_query() in C:\xampp\htdocs\index.php:17
Stack trace:
#0 {main}
  thrown in C:\xampp\htdocs\index.php on line 17
[29-Mar-2022 10:07:08 Europe/Berlin] PHP Fatal error:  Uncaught Error: Call to undefined function mysql_query() in C:\xampp\htdocs\index.php:18
Stack trace:
#0 {main}
  thrown in C:\xampp\htdocs\index.php on line 18
[29-Mar-2022 10:07:49 Europe/Berlin] PHP Warning:  Undefined array key -5 in C:\xampp\htdocs\left.inc.php on line 7
[29-Mar-2022 10:07:49 Europe/Berlin] PHP Warning:  Undefined array key -4 in C:\xampp\htdocs\left.inc.php on line 7
[29-Mar-2022 10:07:49 Europe/Berlin] PHP Warning:  Undefined array key -3 in C:\xampp\htdocs\left.inc.php on line 7
[29-Mar-2022 10:07:49 Europe/Berlin] PHP Warning:  Undefined array key -2 in C:\xampp\htdocs\left.inc.php on line 7
[29-Mar-2022 10:07:49 Europe/Berlin] PHP Warning:  Undefined array key -1 in C:\xampp\htdocs\left.inc.php on line 7
[29-Mar-2022 10:07:49 Europe/Berlin] PHP Warning:  Undefined array key 0 in C:\xampp\htdocs\left.inc.php on line 7
[29-Mar-2022 10:07:49 Europe/Berlin] PHP Warning:  Undefined array key 1 in C:\xampp\htdocs\left.inc.php on line 7
[29-Mar-2022 10:07:49 Europe/Berlin] PHP Warning:  Undefined array key 2 in C:\xampp\htdocs\left.inc.php on line 7
[29-Mar-2022 10:07:49 Europe/Berlin] PHP Warning:  Undefined array key 3 in C:\xampp\htdocs\left.inc.php on line 7
[29-Mar-2022 10:07:49 Europe/Berlin] PHP Warning:  Undefined array key 4 in C:\xampp\htdocs\left.inc.php on line 7
[29-Mar-2022 10:07:49 Europe/Berlin] PHP Warning:  Undefined array key 5 in C:\xampp\htdocs\left.inc.php on line 7
[29-Mar-2022 10:07:49 Europe/Berlin] PHP Warning:  Undefined array key "unknown" in C:\xampp\htdocs\index.php on line 69
[29-Mar-2022 10:07:49 Europe/Berlin] PHP Fatal error:  Uncaught Error: Call to undefined function doesnotexist() in C:\xampp\htdocs\index.php:90
Stack trace:
#0 {main}
  thrown in C:\xampp\htdocs\index.php on line 90
[29-Mar-2022 10:36:30 Europe/Berlin] PHP Warning:  Undefined array key -5 in C:\xampp\htdocs\left.inc.php on line 7
[29-Mar-2022 10:36:30 Europe/Berlin] PHP Warning:  Undefined array key -4 in C:\xampp\htdocs\left.inc.php on line 7
[29-Mar-2022 10:36:30 Europe/Berlin] PHP Warning:  Undefined array key -3 in C:\xampp\htdocs\left.inc.php on line 7
[29-Mar-2022 10:36:30 Europe/Berlin] PHP Warning:  Undefined array key -2 in C:\xampp\htdocs\left.inc.php on line 7
[29-Mar-2022 10:36:30 Europe/Berlin] PHP Warning:  Undefined array key -1 in C:\xampp\htdocs\left.inc.php on line 7
[29-Mar-2022 10:36:30 Europe/Berlin] PHP Warning:  Undefined array key 0 in C:\xampp\htdocs\left.inc.php on line 7
[29-Mar-2022 10:36:30 Europe/Berlin] PHP Warning:  Undefined array key 1 in C:\xampp\htdocs\left.inc.php on line 7
[29-Mar-2022 10:36:30 Europe/Berlin] PHP Warning:  Undefined array key 2 in C:\xampp\htdocs\left.inc.php on line 7
[29-Mar-2022 10:36:30 Europe/Berlin] PHP Warning:  Undefined array key 3 in C:\xampp\htdocs\left.inc.php on line 7
[29-Mar-2022 10:36:30 Europe/Berlin] PHP Warning:  Undefined array key 4 in C:\xampp\htdocs\left.inc.php on line 7
[29-Mar-2022 10:36:30 Europe/Berlin] PHP Warning:  Undefined array key 5 in C:\xampp\htdocs\left.inc.php on line 7
[29-Mar-2022 10:36:30 Europe/Berlin] PHP Fatal error:  Uncaught Error: Call to undefined function doesnotexist() in C:\xampp\htdocs\index.php:90
Stack trace:
#0 {main}
  thrown in C:\xampp\htdocs\index.php on line 90
[29-Mar-2022 10:36:43 Europe/Berlin] PHP Warning:  Undefined array key -5 in C:\xampp\htdocs\left.inc.php on line 7
[29-Mar-2022 10:36:43 Europe/Berlin] PHP Warning:  Undefined array key -4 in C:\xampp\htdocs\left.inc.php on line 7
[29-Mar-2022 10:36:43 Europe/Berlin] PHP Warning:  Undefined array key -3 in C:\xampp\htdocs\left.inc.php on line 7
[29-Mar-2022 10:36:43 Europe/Berlin] PHP Warning:  Undefined array key -2 in C:\xampp\htdocs\left.inc.php on line 7
[29-Mar-2022 10:36:43 Europe/Berlin] PHP Warning:  Undefined array key -1 in C:\xampp\htdocs\left.inc.php on line 7
[29-Mar-2022 10:36:43 Europe/Berlin] PHP Warning:  Undefined array key 0 in C:\xampp\htdocs\left.inc.php on line 7
[29-Mar-2022 10:36:43 Europe/Berlin] PHP Warning:  Undefined array key 1 in C:\xampp\htdocs\left.inc.php on line 7
[29-Mar-2022 10:36:43 Europe/Berlin] PHP Warning:  Undefined array key 2 in C:\xampp\htdocs\left.inc.php on line 7
[29-Mar-2022 10:36:43 Europe/Berlin] PHP Warning:  Undefined array key 3 in C:\xampp\htdocs\left.inc.php on line 7
[29-Mar-2022 10:36:43 Europe/Berlin] PHP Warning:  Undefined array key 4 in C:\xampp\htdocs\left.inc.php on line 7
[29-Mar-2022 10:36:43 Europe/Berlin] PHP Warning:  Undefined array key 5 in C:\xampp\htdocs\left.inc.php on line 7
[29-Mar-2022 10:36:43 Europe/Berlin] PHP Fatal error:  Uncaught Error: Call to undefined function doesnotexist() in C:\xampp\htdocs\index.php:90
Stack trace:
#0 {main}
  thrown in C:\xampp\htdocs\index.php on line 90
[29-Mar-2022 10:41:43 Europe/Berlin] PHP Warning:  Undefined array key 0 in C:\xampp\htdocs\left.inc.php on line 7
[29-Mar-2022 10:41:43 Europe/Berlin] PHP Warning:  Undefined array key 1 in C:\xampp\htdocs\left.inc.php on line 7
[29-Mar-2022 10:41:43 Europe/Berlin] PHP Warning:  Undefined array key 2 in C:\xampp\htdocs\left.inc.php on line 7
[29-Mar-2022 10:41:43 Europe/Berlin] PHP Warning:  Undefined array key 3 in C:\xampp\htdocs\left.inc.php on line 7
[29-Mar-2022 10:41:43 Europe/Berlin] PHP Warning:  Undefined array key 4 in C:\xampp\htdocs\left.inc.php on line 7
[29-Mar-2022 10:41:43 Europe/Berlin] PHP Warning:  Undefined array key 5 in C:\xampp\htdocs\left.inc.php on line 7
[29-Mar-2022 10:41:43 Europe/Berlin] PHP Fatal error:  Uncaught Error: Call to undefined function doesnotexist() in C:\xampp\htdocs\index.php:90
Stack trace:
#0 {main}
  thrown in C:\xampp\htdocs\index.php on line 90
[29-Mar-2022 10:41:54 Europe/Berlin] PHP Warning:  Undefined array key 1 in C:\xampp\htdocs\left.inc.php on line 7
[29-Mar-2022 10:41:54 Europe/Berlin] PHP Warning:  Undefined array key 2 in C:\xampp\htdocs\left.inc.php on line 7
[29-Mar-2022 10:41:54 Europe/Berlin] PHP Warning:  Undefined array key 3 in C:\xampp\htdocs\left.inc.php on line 7
[29-Mar-2022 10:41:54 Europe/Berlin] PHP Warning:  Undefined array key 4 in C:\xampp\htdocs\left.inc.php on line 7
[29-Mar-2022 10:41:54 Europe/Berlin] PHP Warning:  Undefined array key 5 in C:\xampp\htdocs\left.inc.php on line 7
[29-Mar-2022 10:41:54 Europe/Berlin] PHP Fatal error:  Uncaught Error: Call to undefined function doesnotexist() in C:\xampp\htdocs\index.php:90
Stack trace:
#0 {main}
  thrown in C:\xampp\htdocs\index.php on line 90
[29-Mar-2022 10:44:02 Europe/Berlin] PHP Fatal error:  Uncaught Error: Call to undefined function doesnotexist() in C:\xampp\htdocs\index.php:90
Stack trace:
#0 {main}
  thrown in C:\xampp\htdocs\index.php on line 90
[29-Mar-2022 10:44:19 Europe/Berlin] PHP Fatal error:  Uncaught Error: Call to undefined function doesnotexist() in C:\xampp\htdocs\index.php:90
Stack trace:
#0 {main}
  thrown in C:\xampp\htdocs\index.php on line 90
[29-Mar-2022 10:45:18 Europe/Berlin] PHP Fatal error:  Uncaught Error: Call to undefined function doesnotexist() in C:\xampp\htdocs\index.php:90
Stack trace:
#0 {main}
  thrown in C:\xampp\htdocs\index.php on line 90
